<?xml version="1.0" encoding="UTF-8"?>
<testsuite xmlns:xsi="http://www.w3.org/2001/XMLSchema-instance" xsi:noNamespaceSchemaLocation="https://maven.apache.org/surefire/maven-surefire-plugin/xsd/surefire-test-report-3.0.xsd" version="3.0" name="TestSuite" time="5.1" tests="11" errors="0" skipped="0" failures="0">
  <properties>
    <property name="java.specification.version" value="19"/>
    <property name="sun.cpu.isalist" value="amd64"/>
    <property name="sun.jnu.encoding" value="Cp1252"/>
    <property name="java.class.path" value="C:\Users\Dell\Documents\NetBeansProjects\VisitorService\target\test-classes;C:\Users\Dell\Documents\NetBeansProjects\VisitorService\target\classes;C:\Users\Dell\.m2\repository\io\rest-assured\rest-assured\5.4.0\rest-assured-5.4.0.jar;C:\Users\Dell\.m2\repository\org\apache\groovy\groovy\4.0.16\groovy-4.0.16.jar;C:\Users\Dell\.m2\repository\org\apache\groovy\groovy-xml\4.0.16\groovy-xml-4.0.16.jar;C:\Users\Dell\.m2\repository\org\apache\httpcomponents\httpclient\4.5.13\httpclient-4.5.13.jar;C:\Users\Dell\.m2\repository\org\apache\httpcomponents\httpcore\4.4.13\httpcore-4.4.13.jar;C:\Users\Dell\.m2\repository\commons-logging\commons-logging\1.2\commons-logging-1.2.jar;C:\Users\Dell\.m2\repository\commons-codec\commons-codec\1.11\commons-codec-1.11.jar;C:\Users\Dell\.m2\repository\org\apache\httpcomponents\httpmime\4.5.13\httpmime-4.5.13.jar;C:\Users\Dell\.m2\repository\org\hamcrest\hamcrest\2.2\hamcrest-2.2.jar;C:\Users\Dell\.m2\repository\org\ccil\cowan\tagsoup\tagsoup\1.2.1\tagsoup-1.2.1.jar;C:\Users\Dell\.m2\repository\io\rest-assured\json-path\5.4.0\json-path-5.4.0.jar;C:\Users\Dell\.m2\repository\org\apache\groovy\groovy-json\4.0.16\groovy-json-4.0.16.jar;C:\Users\Dell\.m2\repository\io\rest-assured\rest-assured-common\5.4.0\rest-assured-common-5.4.0.jar;C:\Users\Dell\.m2\repository\io\rest-assured\xml-path\5.4.0\xml-path-5.4.0.jar;C:\Users\Dell\.m2\repository\org\apache\commons\commons-lang3\3.11\commons-lang3-3.11.jar;C:\Users\Dell\.m2\repository\org\testng\testng\7.10.2\testng-7.10.2.jar;C:\Users\Dell\.m2\repository\org\slf4j\slf4j-api\1.7.36\slf4j-api-1.7.36.jar;C:\Users\Dell\.m2\repository\com\beust\jcommander\1.82\jcommander-1.82.jar;C:\Users\Dell\.m2\repository\org\webjars\jquery\3.7.1\jquery-3.7.1.jar;C:\Users\Dell\.m2\repository\com\googlecode\json-simple\json-simple\1.1.1\json-simple-1.1.1.jar;C:\Users\Dell\.m2\repository\junit\junit\4.10\junit-4.10.jar;C:\Users\Dell\.m2\repository\org\hamcrest\hamcrest-core\1.1\hamcrest-core-1.1.jar;C:\Users\Dell\.m2\repository\com\google\code\gson\gson\2.8.8\gson-2.8.8.jar;C:\Users\Dell\.m2\repository\org\slf4j\slf4j-simple\1.7.36\slf4j-simple-1.7.36.jar;C:\Users\Dell\.m2\repository\com\fasterxml\jackson\core\jackson-databind\2.15.2\jackson-databind-2.15.2.jar;C:\Users\Dell\.m2\repository\com\fasterxml\jackson\core\jackson-annotations\2.15.2\jackson-annotations-2.15.2.jar;C:\Users\Dell\.m2\repository\com\fasterxml\jackson\core\jackson-core\2.15.2\jackson-core-2.15.2.jar;"/>
    <property name="java.vm.vendor" value="Oracle Corporation"/>
    <property name="type" value="test"/>
    <property name="sun.arch.data.model" value="64"/>
    <property name="user.variant" value=""/>
    <property name="java.vendor.url" value="https://java.oracle.com/"/>
    <property name="user.timezone" value="Asia/Katmandu"/>
    <property name="os.name" value="Windows 10"/>
    <property name="java.vm.specification.version" value="19"/>
    <property name="sun.java.launcher" value="SUN_STANDARD"/>
    <property name="user.country" value="US"/>
    <property name="sun.boot.library.path" value="C:\Program Files\Java\jdk-19\bin"/>
    <property name="sun.java.command" value="C:\Windows\Temp\surefire955495937353826575\surefirebooter-20250620144804988_3.jar C:\Windows\Temp\surefire955495937353826575 2025-06-20T14-48-04_745-jvmRun1 surefire-20250620144804988_1tmp surefire_0-20250620144804988_2tmp"/>
    <property name="jdk.debug" value="release"/>
    <property name="surefire.test.class.path" value="C:\Users\Dell\Documents\NetBeansProjects\VisitorService\target\test-classes;C:\Users\Dell\Documents\NetBeansProjects\VisitorService\target\classes;C:\Users\Dell\.m2\repository\io\rest-assured\rest-assured\5.4.0\rest-assured-5.4.0.jar;C:\Users\Dell\.m2\repository\org\apache\groovy\groovy\4.0.16\groovy-4.0.16.jar;C:\Users\Dell\.m2\repository\org\apache\groovy\groovy-xml\4.0.16\groovy-xml-4.0.16.jar;C:\Users\Dell\.m2\repository\org\apache\httpcomponents\httpclient\4.5.13\httpclient-4.5.13.jar;C:\Users\Dell\.m2\repository\org\apache\httpcomponents\httpcore\4.4.13\httpcore-4.4.13.jar;C:\Users\Dell\.m2\repository\commons-logging\commons-logging\1.2\commons-logging-1.2.jar;C:\Users\Dell\.m2\repository\commons-codec\commons-codec\1.11\commons-codec-1.11.jar;C:\Users\Dell\.m2\repository\org\apache\httpcomponents\httpmime\4.5.13\httpmime-4.5.13.jar;C:\Users\Dell\.m2\repository\org\hamcrest\hamcrest\2.2\hamcrest-2.2.jar;C:\Users\Dell\.m2\repository\org\ccil\cowan\tagsoup\tagsoup\1.2.1\tagsoup-1.2.1.jar;C:\Users\Dell\.m2\repository\io\rest-assured\json-path\5.4.0\json-path-5.4.0.jar;C:\Users\Dell\.m2\repository\org\apache\groovy\groovy-json\4.0.16\groovy-json-4.0.16.jar;C:\Users\Dell\.m2\repository\io\rest-assured\rest-assured-common\5.4.0\rest-assured-common-5.4.0.jar;C:\Users\Dell\.m2\repository\io\rest-assured\xml-path\5.4.0\xml-path-5.4.0.jar;C:\Users\Dell\.m2\repository\org\apache\commons\commons-lang3\3.11\commons-lang3-3.11.jar;C:\Users\Dell\.m2\repository\org\testng\testng\7.10.2\testng-7.10.2.jar;C:\Users\Dell\.m2\repository\org\slf4j\slf4j-api\1.7.36\slf4j-api-1.7.36.jar;C:\Users\Dell\.m2\repository\com\beust\jcommander\1.82\jcommander-1.82.jar;C:\Users\Dell\.m2\repository\org\webjars\jquery\3.7.1\jquery-3.7.1.jar;C:\Users\Dell\.m2\repository\com\googlecode\json-simple\json-simple\1.1.1\json-simple-1.1.1.jar;C:\Users\Dell\.m2\repository\junit\junit\4.10\junit-4.10.jar;C:\Users\Dell\.m2\repository\org\hamcrest\hamcrest-core\1.1\hamcrest-core-1.1.jar;C:\Users\Dell\.m2\repository\com\google\code\gson\gson\2.8.8\gson-2.8.8.jar;C:\Users\Dell\.m2\repository\org\slf4j\slf4j-simple\1.7.36\slf4j-simple-1.7.36.jar;C:\Users\Dell\.m2\repository\com\fasterxml\jackson\core\jackson-databind\2.15.2\jackson-databind-2.15.2.jar;C:\Users\Dell\.m2\repository\com\fasterxml\jackson\core\jackson-annotations\2.15.2\jackson-annotations-2.15.2.jar;C:\Users\Dell\.m2\repository\com\fasterxml\jackson\core\jackson-core\2.15.2\jackson-core-2.15.2.jar;"/>
    <property name="sun.cpu.endian" value="little"/>
    <property name="user.home" value="C:\Users\Dell"/>
    <property name="user.language" value="en"/>
    <property name="java.specification.vendor" value="Oracle Corporation"/>
    <property name="java.version.date" value="2023-01-17"/>
    <property name="java.home" value="C:\Program Files\Java\jdk-19"/>
    <property name="file.separator" value="\"/>
    <property name="basedir" value="C:\Users\Dell\Documents\NetBeansProjects\VisitorService"/>
    <property name="java.vm.compressedOopsMode" value="32-bit"/>
    <property name="line.separator" value="&#10;"/>
    <property name="java.vm.specification.vendor" value="Oracle Corporation"/>
    <property name="java.specification.name" value="Java Platform API Specification"/>
    <property name="surefire.real.class.path" value="C:\Windows\Temp\surefire955495937353826575\surefirebooter-20250620144804988_3.jar"/>
    <property name="user.script" value=""/>
    <property name="sun.management.compiler" value="HotSpot 64-Bit Tiered Compilers"/>
    <property name="java.runtime.version" value="19.0.2+7-44"/>
    <property name="user.name" value="Dell"/>
    <property name="stdout.encoding" value="Cp1252"/>
    <property name="path.separator" value=";"/>
    <property name="os.version" value="10.0"/>
    <property name="java.runtime.name" value="Java(TM) SE Runtime Environment"/>
    <property name="file.encoding" value="UTF-8"/>
    <property name="java.vm.name" value="Java HotSpot(TM) 64-Bit Server VM"/>
    <property name="localRepository" value="C:\Users\Dell\.m2\repository"/>
    <property name="java.vendor.url.bug" value="https://bugreport.java.com/bugreport/"/>
    <property name="java.io.tmpdir" value="C:\Windows\TEMP\"/>
    <property name="java.version" value="19.0.2"/>
    <property name="user.dir" value="C:\Users\Dell\Documents\NetBeansProjects\VisitorService"/>
    <property name="os.arch" value="amd64"/>
    <property name="java.vm.specification.name" value="Java Virtual Machine Specification"/>
    <property name="sun.os.patch.level" value=""/>
    <property name="native.encoding" value="Cp1252"/>
    <property name="java.library.path" value="C:\Program Files\Java\jdk-19\bin;C:\Windows\Sun\Java\bin;C:\Windows\system32;C:\Windows;C:\Python312\Scripts\;C:\Python312\;C:\Program Files\Python313\Scripts\;C:\Program Files\Python313\;C:\Program Files\Common Files\Oracle\Java\javapath;C:\Program Files\Java\jdk-19\bin;C:\Windows\System32;C:\Windows\System32;D:\apache-jmeter-5.6.3\apache-jmeter-5.6.3\bin;C:\ProgramData\chocolatey\bin;C:\Program Files\nodejs;C:\Program Files\nodejs\;C:\Program Files\Apache\Maven\apache-maven-3.9.9-bin\apache-maven-3.9.9\bin;C:\Windows\System32\OpenSSH;C:\Windows\System32;C:\Users\Dell\AppData\Local\Programs\Microsoft VS Code\bin;C:\Users\Dell\AppData\Roaming\npm;D:\nats-0.2.3-windows-386;;."/>
    <property name="java.vm.info" value="mixed mode, sharing"/>
    <property name="stderr.encoding" value="Cp1252"/>
    <property name="java.vendor" value="Oracle Corporation"/>
    <property name="java.vm.version" value="19.0.2+7-44"/>
    <property name="sun.io.unicode.encoding" value="UnicodeLittle"/>
    <property name="java.class.version" value="63.0"/>
  </properties>
  <testcase name="AuthenticateWithInvalidDevice" classname="Authentication.authenticateTest" time="0.004">
    <system-out><![CDATA[Configuring TestNG with: TestNG740Configurator
Loaded configuration for environment: test
]]></system-out>
  </testcase>
  <testcase name="AuthenticateWithInvalidLocation" classname="Authentication.authenticateTest" time="0.0"/>
  <testcase name="AuthenticateWithNoDevice" classname="Authentication.authenticateTest" time="0.542">
    <system-out><![CDATA[HTTP/1.1 400 Bad Request
Date: Fri, 20 Jun 2025 09:03:10 GMT
Server: MOCO Visitor Server
Access-Control-Allow-Origin: *
Strict-Transport-Security: max-age=31536000; includeSubDomains
X-Frame-Options: SAMEORIGIN
X-Content-Type-Options: nosniff
X-Xss-Protection: 1; mode=block
Content-Type: application/json
Content-Length: 57
Content-Security-Policy: default-src 'self' visitor0.moco.com.np https://fonts.googleapis.com; script-src 'self' 'unsafe-inline' 'unsafe-eval' https://maps.googleapis.com; form-action 'self';  style-src 'self' 'unsafe-inline' https://fonts.googleapis.com; connect-src 'self' https://www.moco.com.np https://maps.googleapis.com; img-src 'self' https://maps.gstatic.com  https://maps.googleapis.com blob: data:;
Connection: close

{
    "code": "GNR_PARAM_MISSING",
    "description": "Bad Request."
}
]]></system-out>
  </testcase>
  <testcase name="AuthenticateWithNoLocation" classname="Authentication.authenticateTest" time="0.526">
    <system-out><![CDATA[HTTP/1.1 400 Bad Request
Date: Fri, 20 Jun 2025 09:03:10 GMT
Server: MOCO Visitor Server
Access-Control-Allow-Origin: *
Strict-Transport-Security: max-age=31536000; includeSubDomains
X-Frame-Options: SAMEORIGIN
X-Content-Type-Options: nosniff
X-Xss-Protection: 1; mode=block
Content-Type: application/json
Content-Length: 57
Content-Security-Policy: default-src 'self' visitor0.moco.com.np https://fonts.googleapis.com; script-src 'self' 'unsafe-inline' 'unsafe-eval' https://maps.googleapis.com; form-action 'self';  style-src 'self' 'unsafe-inline' https://fonts.googleapis.com; connect-src 'self' https://www.moco.com.np https://maps.googleapis.com; img-src 'self' https://maps.gstatic.com  https://maps.googleapis.com blob: data:;
Connection: close

{
    "code": "GNR_PARAM_MISSING",
    "description": "Bad Request."
}
]]></system-out>
  </testcase>
  <testcase name="AuthenticateWithNoUserAgent" classname="Authentication.authenticateTest" time="0.425">
    <system-out><![CDATA[HTTP/1.1 400 Bad Request
Date: Fri, 20 Jun 2025 09:03:11 GMT
Server: MOCO Visitor Server
Access-Control-Allow-Origin: *
Strict-Transport-Security: max-age=31536000; includeSubDomains
X-Frame-Options: SAMEORIGIN
X-Content-Type-Options: nosniff
X-Xss-Protection: 1; mode=block
Content-Type: application/json
Content-Length: 57
Content-Security-Policy: default-src 'self' visitor0.moco.com.np https://fonts.googleapis.com; script-src 'self' 'unsafe-inline' 'unsafe-eval' https://maps.googleapis.com; form-action 'self';  style-src 'self' 'unsafe-inline' https://fonts.googleapis.com; connect-src 'self' https://www.moco.com.np https://maps.googleapis.com; img-src 'self' https://maps.gstatic.com  https://maps.googleapis.com blob: data:;
Connection: close

{
    "code": "GNR_PARAM_MISSING",
    "description": "Bad Request."
}
]]></system-out>
  </testcase>
  <testcase name="AuthenticatewithInvalidEmail" classname="Authentication.authenticateTest" time="0.0"/>
  <testcase name="AuthenticatewithInvalidPin" classname="Authentication.authenticateTest" time="0.0"/>
  <testcase name="AuthenticatewithMissingEmail" classname="Authentication.authenticateTest" time="0.001"/>
  <testcase name="AuthenticatewithMissingPin" classname="Authentication.authenticateTest" time="0.0"/>
  <testcase name="AuthenticatewithValidDetails" classname="Authentication.authenticateTest" time="0.0"/>
  <testcase name="AuthenticatewithWrongPin" classname="Authentication.authenticateTest" time="0.001"/>
</testsuite>